2016-01-14 11:00:36.969 DEBUG WxPayApi: DownloadBill request : <xml><appid><![CDATA[wx9068f3cc0220c35e]]></appid><bill_date><![CDATA[]]></bill_date><bill_type><![CDATA[ALL]]></bill_type><mch_id><![CDATA[1300362701]]></mch_id><nonce_str><![CDATA[ca6c4285468d4e16a4a110c7e3be6ee3]]></nonce_str><sign><![CDATA[07D8EC82621871F7AEDC8C1B54638EC7]]></sign></xml>
2016-01-14 11:00:45.805 DEBUG WxPayApi: DownloadBill result : <xml><return_code><![CDATA[FAIL]]></return_code>
<return_msg><![CDATA[invalid bill_date]]></return_msg>
</xml>
2016-01-14 11:00:45.928 ERROR WxPayException: 未将对象引用设置到对象的实例。
2016-01-14 11:00:45.953 ERROR WxPayException: WxPayInterfaceLib
2016-01-14 11:00:45.954 ERROR WxPayException: System.String WeixinPay_DownloadBill(System.String, System.String, Boolean ByRef)
2016-01-14 11:00:45.954 ERROR WxPayException: 
2016-01-14 11:01:28.516 ERROR WxPayException: 未将对象引用设置到对象的实例。
2016-01-14 11:01:29.066 ERROR WxPayException: WxPayInterfaceLib
2016-01-14 11:01:29.461 ERROR WxPayException: System.String WeixinPay_DownloadBill(System.String, System.String, Boolean ByRef)
2016-01-14 11:01:29.830 ERROR WxPayException: 
2016-01-14 11:01:37.082 ERROR WxPayException: 未将对象引用设置到对象的实例。
2016-01-14 11:01:37.083 ERROR WxPayException: WxPayInterfaceLib
2016-01-14 11:01:37.084 ERROR WxPayException: System.String WeixinPay_DownloadBill(System.String, System.String, Boolean ByRef)
2016-01-14 11:01:37.085 ERROR WxPayException: 
2016-01-14 11:03:21.452 DEBUG WxPayApi: DownloadBill request : <xml><appid><![CDATA[wx9068f3cc0220c35e]]></appid><bill_date><![CDATA[]]></bill_date><bill_type><![CDATA[ALL]]></bill_type><mch_id><![CDATA[1300362701]]></mch_id><nonce_str><![CDATA[60fd6d8abd204b3690a77417152654c3]]></nonce_str><sign><![CDATA[AA18347440CFF710FCC093AB1059DE82]]></sign></xml>
2016-01-14 11:03:22.175 DEBUG WxPayApi: DownloadBill result : <xml><return_code><![CDATA[FAIL]]></return_code>
<return_msg><![CDATA[invalid bill_date]]></return_msg>
</xml>
2016-01-14 11:03:23.358 ERROR WxPayException: 未将对象引用设置到对象的实例。
2016-01-14 11:03:23.367 ERROR WxPayException: WxPayInterfaceLib
2016-01-14 11:03:23.369 ERROR WxPayException: System.String WeixinPay_DownloadBill(System.String, System.String, Boolean ByRef)
2016-01-14 11:03:23.369 ERROR WxPayException: 
2016-01-14 11:06:47.909 DEBUG WxPayApi: DownloadBill request : <xml><appid><![CDATA[wx9068f3cc0220c35e]]></appid><bill_date><![CDATA[]]></bill_date><bill_type><![CDATA[ALL]]></bill_type><mch_id><![CDATA[1300362701]]></mch_id><nonce_str><![CDATA[258d87907c2a4d7a994288ccef823c3c]]></nonce_str><sign><![CDATA[E2473B70F14AEA412A2C75AB3DAEBBA5]]></sign></xml>
2016-01-14 11:06:48.435 DEBUG WxPayApi: DownloadBill result : <xml><return_code><![CDATA[FAIL]]></return_code>
<return_msg><![CDATA[invalid bill_date]]></return_msg>
</xml>
2016-01-14 11:06:49.563 ERROR WxPayException: 未将对象引用设置到对象的实例。
2016-01-14 11:06:49.567 ERROR WxPayException: WxPayInterfaceLib
2016-01-14 11:06:49.568 ERROR WxPayException: System.String WeixinPay_DownloadBill(System.String, System.String, Boolean ByRef)
2016-01-14 11:06:49.569 ERROR WxPayException: 
2016-01-14 11:09:26.655 DEBUG WxPayApi: DownloadBill request : <xml><appid><![CDATA[wx9068f3cc0220c35e]]></appid><bill_date><![CDATA[]]></bill_date><bill_type><![CDATA[ALL]]></bill_type><mch_id><![CDATA[1300362701]]></mch_id><nonce_str><![CDATA[4cf02479094c41648d11ba4286df22b9]]></nonce_str><sign><![CDATA[4139290BFFED2337D1E1B728F9A2AAD4]]></sign></xml>
2016-01-14 11:09:27.246 DEBUG WxPayApi: DownloadBill result : <xml><return_code><![CDATA[FAIL]]></return_code>
<return_msg><![CDATA[invalid bill_date]]></return_msg>
</xml>
2016-01-14 11:09:27.307 ERROR WxPayException: 未将对象引用设置到对象的实例。
2016-01-14 11:09:27.309 ERROR WxPayException: WxPayInterfaceLib
2016-01-14 11:09:27.310 ERROR WxPayException: System.String WeixinPay_DownloadBill(System.String, System.String, Boolean ByRef)
2016-01-14 11:09:27.310 ERROR WxPayException: 
2016-01-14 11:10:28.360 DEBUG WxPayApi: DownloadBill request : <xml><appid><![CDATA[wx9068f3cc0220c35e]]></appid><bill_date><![CDATA[1002]]></bill_date><bill_type><![CDATA[ALL]]></bill_type><mch_id><![CDATA[1300362701]]></mch_id><nonce_str><![CDATA[0085bc70ca5c4bdfb0db05c461d9029d]]></nonce_str><sign><![CDATA[3F4A0CF469E3772D4C4AED3A803DDB69]]></sign></xml>
2016-01-14 11:10:29.124 DEBUG WxPayApi: DownloadBill result : <xml><return_code><![CDATA[FAIL]]></return_code>
<return_msg><![CDATA[invalid bill_date]]></return_msg>
</xml>
2016-01-14 11:10:29.202 ERROR WxPayException: 未将对象引用设置到对象的实例。
2016-01-14 11:10:29.202 ERROR WxPayException: WxPayInterfaceLib
2016-01-14 11:10:29.203 ERROR WxPayException: System.String WeixinPay_DownloadBill(System.String, System.String, Boolean ByRef)
2016-01-14 11:10:29.203 ERROR WxPayException: 
2016-01-14 11:10:55.735 DEBUG WxPayApi: DownloadBill request : <xml><appid><![CDATA[wx9068f3cc0220c35e]]></appid><bill_date><![CDATA[1002]]></bill_date><bill_type><![CDATA[ALL]]></bill_type><mch_id><![CDATA[1300362701]]></mch_id><nonce_str><![CDATA[855d09791bcb4cb7a8d915d860172ffa]]></nonce_str><sign><![CDATA[69046C6DDA5EEFA1695BD8F0A4BF4B4A]]></sign></xml>
2016-01-14 11:10:56.424 DEBUG WxPayApi: DownloadBill result : <xml><return_code><![CDATA[FAIL]]></return_code>
<return_msg><![CDATA[invalid bill_date]]></return_msg>
</xml>
2016-01-14 11:10:56.486 ERROR WxPayException: 未将对象引用设置到对象的实例。
2016-01-14 11:10:56.487 ERROR WxPayException: WxPayInterfaceLib
2016-01-14 11:10:56.487 ERROR WxPayException: System.String WeixinPay_DownloadBill(System.String, System.String, Boolean ByRef)
2016-01-14 11:10:56.487 ERROR WxPayException: 
2016-01-14 11:12:49.214 DEBUG WxPayApi: DownloadBill request : <xml><appid><![CDATA[wx9068f3cc0220c35e]]></appid><bill_date><![CDATA[20160106]]></bill_date><bill_type><![CDATA[ALL]]></bill_type><mch_id><![CDATA[1300362701]]></mch_id><nonce_str><![CDATA[f0748e027c554dd9bbb6894f8fcb0929]]></nonce_str><sign><![CDATA[DBEDF497DF7E32468481F8EA1C637E11]]></sign></xml>
2016-01-14 11:12:49.911 DEBUG WxPayApi: DownloadBill result : 交易时间,公众账号ID,商户号,子商户号,设备号,微信订单号,商户订单号,用户标识,交易类型,交易状态,付款银行,货币种类,总金额,企业红包金额,微信退款单号,商户退款单号,退款金额,企业红包退款金额,退款类型,退款状态,商品名称,商户数据包,手续费,费率
`2016-01-06 00:05:54,`wx9068f3cc0220c35e,`1300362701,`0,`,`1004960218201601032491005666,`567268091e4c8a307ad6516ad408d429,`oPB8Xt7_7FWyU2Gb1kjOFPO5ZY5k,`JSAPI,`REFUND,`CFT,`CNY,`0,`0,`2004960218201601050119894771,`130036270120160105233807,`0.04,`0.00,`ORIGINAL,`SUCCESS,`普通单程票:西门口-农讲所,`西门口-农讲所-2-20160103235059,`0.00000,`0.60%
`2016-01-06 00:05:56,`wx9068f3cc0220c35e,`1300362701,`0,`,`1004960218201601052530127088,`faead6cfecda6175b7b805c89b0d0706,`oPB8Xt7_7FWyU2Gb1kjOFPO5ZY5k,`JSAPI,`REFUND,`CFT,`CNY,`0,`0,`2004960218201601050119918402,`130036270120160105233841,`0.08,`0.00,`ORIGINAL,`SUCCESS,`普通单程票:公园前-客村,`公园前-客村-2-20160105233727,`0.00000,`0.60%
`2016-01-06 09:42:58,`wx9068f3cc0220c35e,`1300362701,`0,`,`1004960218201601062532965635,`672dcbadedd47b7d8292f9aa3815811d,`oPB8Xt7_7FWyU2Gb1kjOFPO5ZY5k,`JSAPI,`SUCCESS,`CFT,`CNY,`0.05,`0.00,`0,`0,`0,`0,`,`,`普通单程票:公园前-嘉禾望岗,`公园前-嘉禾望岗-1-20160106094251,`0.00000,`0.60%
`2016-01-06 09:46:32,`wx9068f3cc0220c35e,`1300362701,`0,`,`1004960218201601062532999911,`c7eca9357eb67855ff82b188af508c01,`oPB8Xt7_7FWyU2Gb1kjOFPO5ZY5k,`JSAPI,`SUCCESS,`CFT,`CNY,`0.01,`0.00,`0,`0,`0,`0,`,`,`普通单程票:公园前-嘉禾望岗,`公园前-嘉禾望岗-1-20160106094628,`0.00000,`0.60%
`2016-01-06 09:50:11,`wx9068f3cc0220c35e,`1300362701,`0,`,`1004960218201601062533051519,`f45331cfac7160ed4d5e57a11a6ee94b,`oPB8Xt7_7FWyU2Gb1kjOFPO5ZY5k,`JSAPI,`SUCCESS,`CFT,`CNY,`0.01,`0.00,`0,`0,`0,`0,`,`,`普通单程票:公园前-嘉禾望岗,`公园前-嘉禾望岗-1-20160106095007,`0.00000,`0.60%
`2016-01-06 10:00:46,`wx9068f3cc0220c35e,`1300362701,`0,`,`1004960218201601062533200728,`99e7cfa8fec7e965cc360d8b33c8144b,`oPB8Xt7_7FWyU2Gb1kjOFPO5ZY5k,`JSAPI,`SUCCESS,`CFT,`CNY,`0.01,`0.00,`0,`0,`0,`0,`,`,`普通单程票:公园前-嘉禾望岗,`公园前-嘉禾望岗-1-20160106100040,`0.00000,`0.60%
`2016-01-06 10:08:03,`wx9068f3cc0220c35e,`1300362701,`0,`,`1004960218201601062533315183,`36bd2607fc7627523b986f7631f752f0,`oPB8Xt7_7FWyU2Gb1kjOFPO5ZY5k,`JSAPI,`SUCCESS,`CFT,`CNY,`0.01,`0.00,`0,`0,`0,`0,`,`,`普通单程票:公园前-嘉禾望岗,`公园前-嘉禾望岗-1-20160106100758,`0.00000,`0.60%
`2016-01-06 11:09:16,`wx9068f3cc0220c35e,`1300362701,`0,`,`1004960218201601062534675488,`0f0818300fa5f070b5e52a37aeebf466,`oPB8Xt7_7FWyU2Gb1kjOFPO5ZY5k,`JSAPI,`SUCCESS,`CFT,`CNY,`0.01,`0.00,`0,`0,`0,`0,`,`,`普通单程票:公园前-嘉禾望岗,`公园前-嘉禾望岗-1-20160106110901,`0.00000,`0.60%
`2016-01-06 22:01:21,`wx9068f3cc0220c35e,`1300362701,`0,`,`1007130218201601062548136983,`13003627012016010622005979,`oPB8XtzyV5diNjrx9nBOrMMFNFy0,`JSAPI,`SUCCESS,`CCB_DEBIT,`CNY,`0.01,`0.00,`0,`0,`0,`0,`,`,`广州地铁支付平台微信公众号支付购买单程票,`test,`0.00000,`0.60%
`2016-01-06 23:01:40,`wx9068f3cc0220c35e,`1300362701,`0,`,`1007370218201601062549055820,`130036270120160106230122688,`oPB8Xt2H6wUKRxJ3PtCqw1jp83bc,`JSAPI,`SUCCESS,`CFT,`CNY,`0.01,`0.00,`0,`0,`0,`0,`,`,`广州地铁支付平台微信公众号支付购买单程票,`test,`0.00000,`0.60%
`2016-01-06 21:45:15,`wx9068f3cc0220c35e,`1300362701,`0,`,`1009840218201601062547859316,`130036270120160106214441908,`oPB8Xt-5wEMenMDtZRWW2LFMqDrw,`JSAPI,`SUCCESS,`CFT,`CNY,`0.01,`0.00,`0,`0,`0,`0,`,`,`test,`test,`0.00000,`0.60%
`2016-01-06 21:50:33,`wx9068f3cc0220c35e,`1300362701,`0,`,`1009840218201601062547968821,`130036270120160106215019379,`oPB8Xt-5wEMenMDtZRWW2LFMqDrw,`JSAPI,`SUCCESS,`CFT,`CNY,`0.01,`0.00,`0,`0,`0,`0,`,`,`广州地铁支付平台微信公众号支付购买单程票,`test,`0.00000,`0.60%
`2016-01-06 21:55:42,`wx9068f3cc0220c35e,`1300362701,`0,`,`1009840218201601062548051311,`130036270120160106215532572,`oPB8Xt-5wEMenMDtZRWW2LFMqDrw,`JSAPI,`SUCCESS,`CFT,`CNY,`0.01,`0.00,`0,`0,`0,`0,`,`,`广州地铁支付平台微信公众号支付购买单程票,`test,`0.00000,`0.60%
总交易单数,总交易额,总退款金额,总企业红包退款金额,手续费总金额
`13,`0.15,`0.12,`0.00,`0.00000
2016-01-14 11:12:49.953 ERROR WxPayException: 未将对象引用设置到对象的实例。
2016-01-14 11:12:49.956 ERROR WxPayException: WxPayInterfaceLib
2016-01-14 11:12:49.957 ERROR WxPayException: System.String WeixinPay_DownloadBill(System.String, System.String, Boolean ByRef)
2016-01-14 11:12:49.958 ERROR WxPayException: 
2016-01-14 11:13:40.960 DEBUG WxPayApi: DownloadBill request : <xml><appid><![CDATA[wx9068f3cc0220c35e]]></appid><bill_date><![CDATA[20160106]]></bill_date><bill_type><![CDATA[ALL]]></bill_type><mch_id><![CDATA[1300362701]]></mch_id><nonce_str><![CDATA[2b47ff047c4e4dfaa830123dbfe1fccf]]></nonce_str><sign><![CDATA[51647E00E75D63AFF985157D31A3809E]]></sign></xml>
2016-01-14 11:14:08.509 DEBUG WxPayApi: DownloadBill result : 交易时间,公众账号ID,商户号,子商户号,设备号,微信订单号,商户订单号,用户标识,交易类型,交易状态,付款银行,货币种类,总金额,企业红包金额,微信退款单号,商户退款单号,退款金额,企业红包退款金额,退款类型,退款状态,商品名称,商户数据包,手续费,费率
`2016-01-06 00:05:54,`wx9068f3cc0220c35e,`1300362701,`0,`,`1004960218201601032491005666,`567268091e4c8a307ad6516ad408d429,`oPB8Xt7_7FWyU2Gb1kjOFPO5ZY5k,`JSAPI,`REFUND,`CFT,`CNY,`0,`0,`2004960218201601050119894771,`130036270120160105233807,`0.04,`0.00,`ORIGINAL,`SUCCESS,`普通单程票:西门口-农讲所,`西门口-农讲所-2-20160103235059,`0.00000,`0.60%
`2016-01-06 00:05:56,`wx9068f3cc0220c35e,`1300362701,`0,`,`1004960218201601052530127088,`faead6cfecda6175b7b805c89b0d0706,`oPB8Xt7_7FWyU2Gb1kjOFPO5ZY5k,`JSAPI,`REFUND,`CFT,`CNY,`0,`0,`2004960218201601050119918402,`130036270120160105233841,`0.08,`0.00,`ORIGINAL,`SUCCESS,`普通单程票:公园前-客村,`公园前-客村-2-20160105233727,`0.00000,`0.60%
`2016-01-06 09:42:58,`wx9068f3cc0220c35e,`1300362701,`0,`,`1004960218201601062532965635,`672dcbadedd47b7d8292f9aa3815811d,`oPB8Xt7_7FWyU2Gb1kjOFPO5ZY5k,`JSAPI,`SUCCESS,`CFT,`CNY,`0.05,`0.00,`0,`0,`0,`0,`,`,`普通单程票:公园前-嘉禾望岗,`公园前-嘉禾望岗-1-20160106094251,`0.00000,`0.60%
`2016-01-06 09:46:32,`wx9068f3cc0220c35e,`1300362701,`0,`,`1004960218201601062532999911,`c7eca9357eb67855ff82b188af508c01,`oPB8Xt7_7FWyU2Gb1kjOFPO5ZY5k,`JSAPI,`SUCCESS,`CFT,`CNY,`0.01,`0.00,`0,`0,`0,`0,`,`,`普通单程票:公园前-嘉禾望岗,`公园前-嘉禾望岗-1-20160106094628,`0.00000,`0.60%
`2016-01-06 09:50:11,`wx9068f3cc0220c35e,`1300362701,`0,`,`1004960218201601062533051519,`f45331cfac7160ed4d5e57a11a6ee94b,`oPB8Xt7_7FWyU2Gb1kjOFPO5ZY5k,`JSAPI,`SUCCESS,`CFT,`CNY,`0.01,`0.00,`0,`0,`0,`0,`,`,`普通单程票:公园前-嘉禾望岗,`公园前-嘉禾望岗-1-20160106095007,`0.00000,`0.60%
`2016-01-06 10:00:46,`wx9068f3cc0220c35e,`1300362701,`0,`,`1004960218201601062533200728,`99e7cfa8fec7e965cc360d8b33c8144b,`oPB8Xt7_7FWyU2Gb1kjOFPO5ZY5k,`JSAPI,`SUCCESS,`CFT,`CNY,`0.01,`0.00,`0,`0,`0,`0,`,`,`普通单程票:公园前-嘉禾望岗,`公园前-嘉禾望岗-1-20160106100040,`0.00000,`0.60%
`2016-01-06 10:08:03,`wx9068f3cc0220c35e,`1300362701,`0,`,`1004960218201601062533315183,`36bd2607fc7627523b986f7631f752f0,`oPB8Xt7_7FWyU2Gb1kjOFPO5ZY5k,`JSAPI,`SUCCESS,`CFT,`CNY,`0.01,`0.00,`0,`0,`0,`0,`,`,`普通单程票:公园前-嘉禾望岗,`公园前-嘉禾望岗-1-20160106100758,`0.00000,`0.60%
`2016-01-06 11:09:16,`wx9068f3cc0220c35e,`1300362701,`0,`,`1004960218201601062534675488,`0f0818300fa5f070b5e52a37aeebf466,`oPB8Xt7_7FWyU2Gb1kjOFPO5ZY5k,`JSAPI,`SUCCESS,`CFT,`CNY,`0.01,`0.00,`0,`0,`0,`0,`,`,`普通单程票:公园前-嘉禾望岗,`公园前-嘉禾望岗-1-20160106110901,`0.00000,`0.60%
`2016-01-06 22:01:21,`wx9068f3cc0220c35e,`1300362701,`0,`,`1007130218201601062548136983,`13003627012016010622005979,`oPB8XtzyV5diNjrx9nBOrMMFNFy0,`JSAPI,`SUCCESS,`CCB_DEBIT,`CNY,`0.01,`0.00,`0,`0,`0,`0,`,`,`广州地铁支付平台微信公众号支付购买单程票,`test,`0.00000,`0.60%
`2016-01-06 23:01:40,`wx9068f3cc0220c35e,`1300362701,`0,`,`1007370218201601062549055820,`130036270120160106230122688,`oPB8Xt2H6wUKRxJ3PtCqw1jp83bc,`JSAPI,`SUCCESS,`CFT,`CNY,`0.01,`0.00,`0,`0,`0,`0,`,`,`广州地铁支付平台微信公众号支付购买单程票,`test,`0.00000,`0.60%
`2016-01-06 21:45:15,`wx9068f3cc0220c35e,`1300362701,`0,`,`1009840218201601062547859316,`130036270120160106214441908,`oPB8Xt-5wEMenMDtZRWW2LFMqDrw,`JSAPI,`SUCCESS,`CFT,`CNY,`0.01,`0.00,`0,`0,`0,`0,`,`,`test,`test,`0.00000,`0.60%
`2016-01-06 21:50:33,`wx9068f3cc0220c35e,`1300362701,`0,`,`1009840218201601062547968821,`130036270120160106215019379,`oPB8Xt-5wEMenMDtZRWW2LFMqDrw,`JSAPI,`SUCCESS,`CFT,`CNY,`0.01,`0.00,`0,`0,`0,`0,`,`,`广州地铁支付平台微信公众号支付购买单程票,`test,`0.00000,`0.60%
`2016-01-06 21:55:42,`wx9068f3cc0220c35e,`1300362701,`0,`,`1009840218201601062548051311,`130036270120160106215532572,`oPB8Xt-5wEMenMDtZRWW2LFMqDrw,`JSAPI,`SUCCESS,`CFT,`CNY,`0.01,`0.00,`0,`0,`0,`0,`,`,`广州地铁支付平台微信公众号支付购买单程票,`test,`0.00000,`0.60%
总交易单数,总交易额,总退款金额,总企业红包退款金额,手续费总金额
`13,`0.15,`0.12,`0.00,`0.00000
2016-01-14 11:14:35.378 ERROR WxPayException: 未将对象引用设置到对象的实例。
2016-01-14 11:14:35.379 ERROR WxPayException: WxPayInterfaceLib
2016-01-14 11:14:35.380 ERROR WxPayException: System.String WeixinPay_DownloadBill(System.String, System.String, Boolean ByRef)
2016-01-14 11:14:35.381 ERROR WxPayException: 
2016-01-14 11:14:49.162 DEBUG WxPayApi: DownloadBill request : <xml><appid><![CDATA[wx9068f3cc0220c35e]]></appid><bill_date><![CDATA[20160106]]></bill_date><bill_type><![CDATA[ALL]]></bill_type><mch_id><![CDATA[1300362701]]></mch_id><nonce_str><![CDATA[3d178396c42d42ba8845430f054f7a8f]]></nonce_str><sign><![CDATA[67B50B86AF7BA7908155701AB3CCDBE5]]></sign></xml>
2016-01-14 11:14:50.381 DEBUG WxPayApi: DownloadBill result : 交易时间,公众账号ID,商户号,子商户号,设备号,微信订单号,商户订单号,用户标识,交易类型,交易状态,付款银行,货币种类,总金额,企业红包金额,微信退款单号,商户退款单号,退款金额,企业红包退款金额,退款类型,退款状态,商品名称,商户数据包,手续费,费率
`2016-01-06 00:05:54,`wx9068f3cc0220c35e,`1300362701,`0,`,`1004960218201601032491005666,`567268091e4c8a307ad6516ad408d429,`oPB8Xt7_7FWyU2Gb1kjOFPO5ZY5k,`JSAPI,`REFUND,`CFT,`CNY,`0,`0,`2004960218201601050119894771,`130036270120160105233807,`0.04,`0.00,`ORIGINAL,`SUCCESS,`普通单程票:西门口-农讲所,`西门口-农讲所-2-20160103235059,`0.00000,`0.60%
`2016-01-06 00:05:56,`wx9068f3cc0220c35e,`1300362701,`0,`,`1004960218201601052530127088,`faead6cfecda6175b7b805c89b0d0706,`oPB8Xt7_7FWyU2Gb1kjOFPO5ZY5k,`JSAPI,`REFUND,`CFT,`CNY,`0,`0,`2004960218201601050119918402,`130036270120160105233841,`0.08,`0.00,`ORIGINAL,`SUCCESS,`普通单程票:公园前-客村,`公园前-客村-2-20160105233727,`0.00000,`0.60%
`2016-01-06 09:42:58,`wx9068f3cc0220c35e,`1300362701,`0,`,`1004960218201601062532965635,`672dcbadedd47b7d8292f9aa3815811d,`oPB8Xt7_7FWyU2Gb1kjOFPO5ZY5k,`JSAPI,`SUCCESS,`CFT,`CNY,`0.05,`0.00,`0,`0,`0,`0,`,`,`普通单程票:公园前-嘉禾望岗,`公园前-嘉禾望岗-1-20160106094251,`0.00000,`0.60%
`2016-01-06 09:46:32,`wx9068f3cc0220c35e,`1300362701,`0,`,`1004960218201601062532999911,`c7eca9357eb67855ff82b188af508c01,`oPB8Xt7_7FWyU2Gb1kjOFPO5ZY5k,`JSAPI,`SUCCESS,`CFT,`CNY,`0.01,`0.00,`0,`0,`0,`0,`,`,`普通单程票:公园前-嘉禾望岗,`公园前-嘉禾望岗-1-20160106094628,`0.00000,`0.60%
`2016-01-06 09:50:11,`wx9068f3cc0220c35e,`1300362701,`0,`,`1004960218201601062533051519,`f45331cfac7160ed4d5e57a11a6ee94b,`oPB8Xt7_7FWyU2Gb1kjOFPO5ZY5k,`JSAPI,`SUCCESS,`CFT,`CNY,`0.01,`0.00,`0,`0,`0,`0,`,`,`普通单程票:公园前-嘉禾望岗,`公园前-嘉禾望岗-1-20160106095007,`0.00000,`0.60%
`2016-01-06 10:00:46,`wx9068f3cc0220c35e,`1300362701,`0,`,`1004960218201601062533200728,`99e7cfa8fec7e965cc360d8b33c8144b,`oPB8Xt7_7FWyU2Gb1kjOFPO5ZY5k,`JSAPI,`SUCCESS,`CFT,`CNY,`0.01,`0.00,`0,`0,`0,`0,`,`,`普通单程票:公园前-嘉禾望岗,`公园前-嘉禾望岗-1-20160106100040,`0.00000,`0.60%
`2016-01-06 10:08:03,`wx9068f3cc0220c35e,`1300362701,`0,`,`1004960218201601062533315183,`36bd2607fc7627523b986f7631f752f0,`oPB8Xt7_7FWyU2Gb1kjOFPO5ZY5k,`JSAPI,`SUCCESS,`CFT,`CNY,`0.01,`0.00,`0,`0,`0,`0,`,`,`普通单程票:公园前-嘉禾望岗,`公园前-嘉禾望岗-1-20160106100758,`0.00000,`0.60%
`2016-01-06 11:09:16,`wx9068f3cc0220c35e,`1300362701,`0,`,`1004960218201601062534675488,`0f0818300fa5f070b5e52a37aeebf466,`oPB8Xt7_7FWyU2Gb1kjOFPO5ZY5k,`JSAPI,`SUCCESS,`CFT,`CNY,`0.01,`0.00,`0,`0,`0,`0,`,`,`普通单程票:公园前-嘉禾望岗,`公园前-嘉禾望岗-1-20160106110901,`0.00000,`0.60%
`2016-01-06 22:01:21,`wx9068f3cc0220c35e,`1300362701,`0,`,`1007130218201601062548136983,`13003627012016010622005979,`oPB8XtzyV5diNjrx9nBOrMMFNFy0,`JSAPI,`SUCCESS,`CCB_DEBIT,`CNY,`0.01,`0.00,`0,`0,`0,`0,`,`,`广州地铁支付平台微信公众号支付购买单程票,`test,`0.00000,`0.60%
`2016-01-06 23:01:40,`wx9068f3cc0220c35e,`1300362701,`0,`,`1007370218201601062549055820,`130036270120160106230122688,`oPB8Xt2H6wUKRxJ3PtCqw1jp83bc,`JSAPI,`SUCCESS,`CFT,`CNY,`0.01,`0.00,`0,`0,`0,`0,`,`,`广州地铁支付平台微信公众号支付购买单程票,`test,`0.00000,`0.60%
`2016-01-06 21:45:15,`wx9068f3cc0220c35e,`1300362701,`0,`,`1009840218201601062547859316,`130036270120160106214441908,`oPB8Xt-5wEMenMDtZRWW2LFMqDrw,`JSAPI,`SUCCESS,`CFT,`CNY,`0.01,`0.00,`0,`0,`0,`0,`,`,`test,`test,`0.00000,`0.60%
`2016-01-06 21:50:33,`wx9068f3cc0220c35e,`1300362701,`0,`,`1009840218201601062547968821,`130036270120160106215019379,`oPB8Xt-5wEMenMDtZRWW2LFMqDrw,`JSAPI,`SUCCESS,`CFT,`CNY,`0.01,`0.00,`0,`0,`0,`0,`,`,`广州地铁支付平台微信公众号支付购买单程票,`test,`0.00000,`0.60%
`2016-01-06 21:55:42,`wx9068f3cc0220c35e,`1300362701,`0,`,`1009840218201601062548051311,`130036270120160106215532572,`oPB8Xt-5wEMenMDtZRWW2LFMqDrw,`JSAPI,`SUCCESS,`CFT,`CNY,`0.01,`0.00,`0,`0,`0,`0,`,`,`广州地铁支付平台微信公众号支付购买单程票,`test,`0.00000,`0.60%
总交易单数,总交易额,总退款金额,总企业红包退款金额,手续费总金额
`13,`0.15,`0.12,`0.00,`0.00000
2016-01-14 11:16:27.029 ERROR WxPayException: 未将对象引用设置到对象的实例。
2016-01-14 11:16:27.029 ERROR WxPayException: WxPayInterfaceLib
2016-01-14 11:16:27.030 ERROR WxPayException: System.String WeixinPay_DownloadBill(System.String, System.String, Boolean ByRef)
2016-01-14 11:16:27.030 ERROR WxPayException: 
2016-01-14 11:16:32.212 DEBUG WxPayApi: DownloadBill request : <xml><appid><![CDATA[wx9068f3cc0220c35e]]></appid><bill_date><![CDATA[20160106]]></bill_date><bill_type><![CDATA[ALL]]></bill_type><mch_id><![CDATA[1300362701]]></mch_id><nonce_str><![CDATA[9594d60f938146339e9ca651bf873fc4]]></nonce_str><sign><![CDATA[22A15B4EBA43708EF47ED6E242596DC6]]></sign></xml>
2016-01-14 11:20:39.502 DEBUG WxPayApi: DownloadBill request : <xml><appid><![CDATA[wx9068f3cc0220c35e]]></appid><bill_date><![CDATA[20160106]]></bill_date><bill_type><![CDATA[ALL]]></bill_type><mch_id><![CDATA[1300362701]]></mch_id><nonce_str><![CDATA[70667b95ae75427992217f3ee4b1322f]]></nonce_str><sign><![CDATA[E7DDA59510C4D9C875E2B5A968FCC8B5]]></sign></xml>
2016-01-14 11:20:41.193 DEBUG WxPayApi: DownloadBill result : 交易时间,公众账号ID,商户号,子商户号,设备号,微信订单号,商户订单号,用户标识,交易类型,交易状态,付款银行,货币种类,总金额,企业红包金额,微信退款单号,商户退款单号,退款金额,企业红包退款金额,退款类型,退款状态,商品名称,商户数据包,手续费,费率
`2016-01-06 00:05:54,`wx9068f3cc0220c35e,`1300362701,`0,`,`1004960218201601032491005666,`567268091e4c8a307ad6516ad408d429,`oPB8Xt7_7FWyU2Gb1kjOFPO5ZY5k,`JSAPI,`REFUND,`CFT,`CNY,`0,`0,`2004960218201601050119894771,`130036270120160105233807,`0.04,`0.00,`ORIGINAL,`SUCCESS,`普通单程票:西门口-农讲所,`西门口-农讲所-2-20160103235059,`0.00000,`0.60%
`2016-01-06 00:05:56,`wx9068f3cc0220c35e,`1300362701,`0,`,`1004960218201601052530127088,`faead6cfecda6175b7b805c89b0d0706,`oPB8Xt7_7FWyU2Gb1kjOFPO5ZY5k,`JSAPI,`REFUND,`CFT,`CNY,`0,`0,`2004960218201601050119918402,`130036270120160105233841,`0.08,`0.00,`ORIGINAL,`SUCCESS,`普通单程票:公园前-客村,`公园前-客村-2-20160105233727,`0.00000,`0.60%
`2016-01-06 09:42:58,`wx9068f3cc0220c35e,`1300362701,`0,`,`1004960218201601062532965635,`672dcbadedd47b7d8292f9aa3815811d,`oPB8Xt7_7FWyU2Gb1kjOFPO5ZY5k,`JSAPI,`SUCCESS,`CFT,`CNY,`0.05,`0.00,`0,`0,`0,`0,`,`,`普通单程票:公园前-嘉禾望岗,`公园前-嘉禾望岗-1-20160106094251,`0.00000,`0.60%
`2016-01-06 09:46:32,`wx9068f3cc0220c35e,`1300362701,`0,`,`1004960218201601062532999911,`c7eca9357eb67855ff82b188af508c01,`oPB8Xt7_7FWyU2Gb1kjOFPO5ZY5k,`JSAPI,`SUCCESS,`CFT,`CNY,`0.01,`0.00,`0,`0,`0,`0,`,`,`普通单程票:公园前-嘉禾望岗,`公园前-嘉禾望岗-1-20160106094628,`0.00000,`0.60%
`2016-01-06 09:50:11,`wx9068f3cc0220c35e,`1300362701,`0,`,`1004960218201601062533051519,`f45331cfac7160ed4d5e57a11a6ee94b,`oPB8Xt7_7FWyU2Gb1kjOFPO5ZY5k,`JSAPI,`SUCCESS,`CFT,`CNY,`0.01,`0.00,`0,`0,`0,`0,`,`,`普通单程票:公园前-嘉禾望岗,`公园前-嘉禾望岗-1-20160106095007,`0.00000,`0.60%
`2016-01-06 10:00:46,`wx9068f3cc0220c35e,`1300362701,`0,`,`1004960218201601062533200728,`99e7cfa8fec7e965cc360d8b33c8144b,`oPB8Xt7_7FWyU2Gb1kjOFPO5ZY5k,`JSAPI,`SUCCESS,`CFT,`CNY,`0.01,`0.00,`0,`0,`0,`0,`,`,`普通单程票:公园前-嘉禾望岗,`公园前-嘉禾望岗-1-20160106100040,`0.00000,`0.60%
`2016-01-06 10:08:03,`wx9068f3cc0220c35e,`1300362701,`0,`,`1004960218201601062533315183,`36bd2607fc7627523b986f7631f752f0,`oPB8Xt7_7FWyU2Gb1kjOFPO5ZY5k,`JSAPI,`SUCCESS,`CFT,`CNY,`0.01,`0.00,`0,`0,`0,`0,`,`,`普通单程票:公园前-嘉禾望岗,`公园前-嘉禾望岗-1-20160106100758,`0.00000,`0.60%
`2016-01-06 11:09:16,`wx9068f3cc0220c35e,`1300362701,`0,`,`1004960218201601062534675488,`0f0818300fa5f070b5e52a37aeebf466,`oPB8Xt7_7FWyU2Gb1kjOFPO5ZY5k,`JSAPI,`SUCCESS,`CFT,`CNY,`0.01,`0.00,`0,`0,`0,`0,`,`,`普通单程票:公园前-嘉禾望岗,`公园前-嘉禾望岗-1-20160106110901,`0.00000,`0.60%
`2016-01-06 22:01:21,`wx9068f3cc0220c35e,`1300362701,`0,`,`1007130218201601062548136983,`13003627012016010622005979,`oPB8XtzyV5diNjrx9nBOrMMFNFy0,`JSAPI,`SUCCESS,`CCB_DEBIT,`CNY,`0.01,`0.00,`0,`0,`0,`0,`,`,`广州地铁支付平台微信公众号支付购买单程票,`test,`0.00000,`0.60%
`2016-01-06 23:01:40,`wx9068f3cc0220c35e,`1300362701,`0,`,`1007370218201601062549055820,`130036270120160106230122688,`oPB8Xt2H6wUKRxJ3PtCqw1jp83bc,`JSAPI,`SUCCESS,`CFT,`CNY,`0.01,`0.00,`0,`0,`0,`0,`,`,`广州地铁支付平台微信公众号支付购买单程票,`test,`0.00000,`0.60%
`2016-01-06 21:45:15,`wx9068f3cc0220c35e,`1300362701,`0,`,`1009840218201601062547859316,`130036270120160106214441908,`oPB8Xt-5wEMenMDtZRWW2LFMqDrw,`JSAPI,`SUCCESS,`CFT,`CNY,`0.01,`0.00,`0,`0,`0,`0,`,`,`test,`test,`0.00000,`0.60%
`2016-01-06 21:50:33,`wx9068f3cc0220c35e,`1300362701,`0,`,`1009840218201601062547968821,`130036270120160106215019379,`oPB8Xt-5wEMenMDtZRWW2LFMqDrw,`JSAPI,`SUCCESS,`CFT,`CNY,`0.01,`0.00,`0,`0,`0,`0,`,`,`广州地铁支付平台微信公众号支付购买单程票,`test,`0.00000,`0.60%
`2016-01-06 21:55:42,`wx9068f3cc0220c35e,`1300362701,`0,`,`1009840218201601062548051311,`130036270120160106215532572,`oPB8Xt-5wEMenMDtZRWW2LFMqDrw,`JSAPI,`SUCCESS,`CFT,`CNY,`0.01,`0.00,`0,`0,`0,`0,`,`,`广州地铁支付平台微信公众号支付购买单程票,`test,`0.00000,`0.60%
总交易单数,总交易额,总退款金额,总企业红包退款金额,手续费总金额
`13,`0.15,`0.12,`0.00,`0.00000
2016-01-14 11:20:54.396 DEBUG WxPayInterfaceLib.WxPayData: Print in Form : result=交易时间,公众账号ID,商户号,子商户号,设备号,微信订单号,商户订单号,用户标识,交易类型,交易状态,付款银行,货币种类,总金额,企业红包金额,微信退款单号,商户退款单号,退款金额,企业红包退款金额,退款类型,退款状态,商品名称,商户数据包,手续费,费率
`2016-01-06 00:05:54,`wx9068f3cc0220c35e,`1300362701,`0,`,`1004960218201601032491005666,`567268091e4c8a307ad6516ad408d429,`oPB8Xt7_7FWyU2Gb1kjOFPO5ZY5k,`JSAPI,`REFUND,`CFT,`CNY,`0,`0,`2004960218201601050119894771,`130036270120160105233807,`0.04,`0.00,`ORIGINAL,`SUCCESS,`普通单程票:西门口-农讲所,`西门口-农讲所-2-20160103235059,`0.00000,`0.60%
`2016-01-06 00:05:56,`wx9068f3cc0220c35e,`1300362701,`0,`,`1004960218201601052530127088,`faead6cfecda6175b7b805c89b0d0706,`oPB8Xt7_7FWyU2Gb1kjOFPO5ZY5k,`JSAPI,`REFUND,`CFT,`CNY,`0,`0,`2004960218201601050119918402,`130036270120160105233841,`0.08,`0.00,`ORIGINAL,`SUCCESS,`普通单程票:公园前-客村,`公园前-客村-2-20160105233727,`0.00000,`0.60%
`2016-01-06 09:42:58,`wx9068f3cc0220c35e,`1300362701,`0,`,`1004960218201601062532965635,`672dcbadedd47b7d8292f9aa3815811d,`oPB8Xt7_7FWyU2Gb1kjOFPO5ZY5k,`JSAPI,`SUCCESS,`CFT,`CNY,`0.05,`0.00,`0,`0,`0,`0,`,`,`普通单程票:公园前-嘉禾望岗,`公园前-嘉禾望岗-1-20160106094251,`0.00000,`0.60%
`2016-01-06 09:46:32,`wx9068f3cc0220c35e,`1300362701,`0,`,`1004960218201601062532999911,`c7eca9357eb67855ff82b188af508c01,`oPB8Xt7_7FWyU2Gb1kjOFPO5ZY5k,`JSAPI,`SUCCESS,`CFT,`CNY,`0.01,`0.00,`0,`0,`0,`0,`,`,`普通单程票:公园前-嘉禾望岗,`公园前-嘉禾望岗-1-20160106094628,`0.00000,`0.60%
`2016-01-06 09:50:11,`wx9068f3cc0220c35e,`1300362701,`0,`,`1004960218201601062533051519,`f45331cfac7160ed4d5e57a11a6ee94b,`oPB8Xt7_7FWyU2Gb1kjOFPO5ZY5k,`JSAPI,`SUCCESS,`CFT,`CNY,`0.01,`0.00,`0,`0,`0,`0,`,`,`普通单程票:公园前-嘉禾望岗,`公园前-嘉禾望岗-1-20160106095007,`0.00000,`0.60%
`2016-01-06 10:00:46,`wx9068f3cc0220c35e,`1300362701,`0,`,`1004960218201601062533200728,`99e7cfa8fec7e965cc360d8b33c8144b,`oPB8Xt7_7FWyU2Gb1kjOFPO5ZY5k,`JSAPI,`SUCCESS,`CFT,`CNY,`0.01,`0.00,`0,`0,`0,`0,`,`,`普通单程票:公园前-嘉禾望岗,`公园前-嘉禾望岗-1-20160106100040,`0.00000,`0.60%
`2016-01-06 10:08:03,`wx9068f3cc0220c35e,`1300362701,`0,`,`1004960218201601062533315183,`36bd2607fc7627523b986f7631f752f0,`oPB8Xt7_7FWyU2Gb1kjOFPO5ZY5k,`JSAPI,`SUCCESS,`CFT,`CNY,`0.01,`0.00,`0,`0,`0,`0,`,`,`普通单程票:公园前-嘉禾望岗,`公园前-嘉禾望岗-1-20160106100758,`0.00000,`0.60%
`2016-01-06 11:09:16,`wx9068f3cc0220c35e,`1300362701,`0,`,`1004960218201601062534675488,`0f0818300fa5f070b5e52a37aeebf466,`oPB8Xt7_7FWyU2Gb1kjOFPO5ZY5k,`JSAPI,`SUCCESS,`CFT,`CNY,`0.01,`0.00,`0,`0,`0,`0,`,`,`普通单程票:公园前-嘉禾望岗,`公园前-嘉禾望岗-1-20160106110901,`0.00000,`0.60%
`2016-01-06 22:01:21,`wx9068f3cc0220c35e,`1300362701,`0,`,`1007130218201601062548136983,`13003627012016010622005979,`oPB8XtzyV5diNjrx9nBOrMMFNFy0,`JSAPI,`SUCCESS,`CCB_DEBIT,`CNY,`0.01,`0.00,`0,`0,`0,`0,`,`,`广州地铁支付平台微信公众号支付购买单程票,`test,`0.00000,`0.60%
`2016-01-06 23:01:40,`wx9068f3cc0220c35e,`1300362701,`0,`,`1007370218201601062549055820,`130036270120160106230122688,`oPB8Xt2H6wUKRxJ3PtCqw1jp83bc,`JSAPI,`SUCCESS,`CFT,`CNY,`0.01,`0.00,`0,`0,`0,`0,`,`,`广州地铁支付平台微信公众号支付购买单程票,`test,`0.00000,`0.60%
`2016-01-06 21:45:15,`wx9068f3cc0220c35e,`1300362701,`0,`,`1009840218201601062547859316,`130036270120160106214441908,`oPB8Xt-5wEMenMDtZRWW2LFMqDrw,`JSAPI,`SUCCESS,`CFT,`CNY,`0.01,`0.00,`0,`0,`0,`0,`,`,`test,`test,`0.00000,`0.60%
`2016-01-06 21:50:33,`wx9068f3cc0220c35e,`1300362701,`0,`,`1009840218201601062547968821,`130036270120160106215019379,`oPB8Xt-5wEMenMDtZRWW2LFMqDrw,`JSAPI,`SUCCESS,`CFT,`CNY,`0.01,`0.00,`0,`0,`0,`0,`,`,`广州地铁支付平台微信公众号支付购买单程票,`test,`0.00000,`0.60%
`2016-01-06 21:55:42,`wx9068f3cc0220c35e,`1300362701,`0,`,`1009840218201601062548051311,`130036270120160106215532572,`oPB8Xt-5wEMenMDtZRWW2LFMqDrw,`JSAPI,`SUCCESS,`CFT,`CNY,`0.01,`0.00,`0,`0,`0,`0,`,`,`广州地铁支付平台微信公众号支付购买单程票,`test,`0.00000,`0.60%
总交易单数,总交易额,总退款金额,总企业红包退款金额,手续费总金额
`13,`0.15,`0.12,`0.00,`0.00000

2016-01-14 11:23:35.131 DEBUG WxPayApi: DownloadBill request : <xml><appid><![CDATA[wx9068f3cc0220c35e]]></appid><bill_date><![CDATA[20160106]]></bill_date><bill_type><![CDATA[ALL]]></bill_type><mch_id><![CDATA[1300362701]]></mch_id><nonce_str><![CDATA[1b2c09429bbd45bf83e59ec82e94f909]]></nonce_str><sign><![CDATA[AFE4257691AC7EA2C5EFD00112894F73]]></sign></xml>
2016-01-14 11:23:36.739 DEBUG WxPayApi: DownloadBill result : 交易时间,公众账号ID,商户号,子商户号,设备号,微信订单号,商户订单号,用户标识,交易类型,交易状态,付款银行,货币种类,总金额,企业红包金额,微信退款单号,商户退款单号,退款金额,企业红包退款金额,退款类型,退款状态,商品名称,商户数据包,手续费,费率
`2016-01-06 00:05:54,`wx9068f3cc0220c35e,`1300362701,`0,`,`1004960218201601032491005666,`567268091e4c8a307ad6516ad408d429,`oPB8Xt7_7FWyU2Gb1kjOFPO5ZY5k,`JSAPI,`REFUND,`CFT,`CNY,`0,`0,`2004960218201601050119894771,`130036270120160105233807,`0.04,`0.00,`ORIGINAL,`SUCCESS,`普通单程票:西门口-农讲所,`西门口-农讲所-2-20160103235059,`0.00000,`0.60%
`2016-01-06 00:05:56,`wx9068f3cc0220c35e,`1300362701,`0,`,`1004960218201601052530127088,`faead6cfecda6175b7b805c89b0d0706,`oPB8Xt7_7FWyU2Gb1kjOFPO5ZY5k,`JSAPI,`REFUND,`CFT,`CNY,`0,`0,`2004960218201601050119918402,`130036270120160105233841,`0.08,`0.00,`ORIGINAL,`SUCCESS,`普通单程票:公园前-客村,`公园前-客村-2-20160105233727,`0.00000,`0.60%
`2016-01-06 09:42:58,`wx9068f3cc0220c35e,`1300362701,`0,`,`1004960218201601062532965635,`672dcbadedd47b7d8292f9aa3815811d,`oPB8Xt7_7FWyU2Gb1kjOFPO5ZY5k,`JSAPI,`SUCCESS,`CFT,`CNY,`0.05,`0.00,`0,`0,`0,`0,`,`,`普通单程票:公园前-嘉禾望岗,`公园前-嘉禾望岗-1-20160106094251,`0.00000,`0.60%
`2016-01-06 09:46:32,`wx9068f3cc0220c35e,`1300362701,`0,`,`1004960218201601062532999911,`c7eca9357eb67855ff82b188af508c01,`oPB8Xt7_7FWyU2Gb1kjOFPO5ZY5k,`JSAPI,`SUCCESS,`CFT,`CNY,`0.01,`0.00,`0,`0,`0,`0,`,`,`普通单程票:公园前-嘉禾望岗,`公园前-嘉禾望岗-1-20160106094628,`0.00000,`0.60%
`2016-01-06 09:50:11,`wx9068f3cc0220c35e,`1300362701,`0,`,`1004960218201601062533051519,`f45331cfac7160ed4d5e57a11a6ee94b,`oPB8Xt7_7FWyU2Gb1kjOFPO5ZY5k,`JSAPI,`SUCCESS,`CFT,`CNY,`0.01,`0.00,`0,`0,`0,`0,`,`,`普通单程票:公园前-嘉禾望岗,`公园前-嘉禾望岗-1-20160106095007,`0.00000,`0.60%
`2016-01-06 10:00:46,`wx9068f3cc0220c35e,`1300362701,`0,`,`1004960218201601062533200728,`99e7cfa8fec7e965cc360d8b33c8144b,`oPB8Xt7_7FWyU2Gb1kjOFPO5ZY5k,`JSAPI,`SUCCESS,`CFT,`CNY,`0.01,`0.00,`0,`0,`0,`0,`,`,`普通单程票:公园前-嘉禾望岗,`公园前-嘉禾望岗-1-20160106100040,`0.00000,`0.60%
`2016-01-06 10:08:03,`wx9068f3cc0220c35e,`1300362701,`0,`,`1004960218201601062533315183,`36bd2607fc7627523b986f7631f752f0,`oPB8Xt7_7FWyU2Gb1kjOFPO5ZY5k,`JSAPI,`SUCCESS,`CFT,`CNY,`0.01,`0.00,`0,`0,`0,`0,`,`,`普通单程票:公园前-嘉禾望岗,`公园前-嘉禾望岗-1-20160106100758,`0.00000,`0.60%
`2016-01-06 11:09:16,`wx9068f3cc0220c35e,`1300362701,`0,`,`1004960218201601062534675488,`0f0818300fa5f070b5e52a37aeebf466,`oPB8Xt7_7FWyU2Gb1kjOFPO5ZY5k,`JSAPI,`SUCCESS,`CFT,`CNY,`0.01,`0.00,`0,`0,`0,`0,`,`,`普通单程票:公园前-嘉禾望岗,`公园前-嘉禾望岗-1-20160106110901,`0.00000,`0.60%
`2016-01-06 22:01:21,`wx9068f3cc0220c35e,`1300362701,`0,`,`1007130218201601062548136983,`13003627012016010622005979,`oPB8XtzyV5diNjrx9nBOrMMFNFy0,`JSAPI,`SUCCESS,`CCB_DEBIT,`CNY,`0.01,`0.00,`0,`0,`0,`0,`,`,`广州地铁支付平台微信公众号支付购买单程票,`test,`0.00000,`0.60%
`2016-01-06 23:01:40,`wx9068f3cc0220c35e,`1300362701,`0,`,`1007370218201601062549055820,`130036270120160106230122688,`oPB8Xt2H6wUKRxJ3PtCqw1jp83bc,`JSAPI,`SUCCESS,`CFT,`CNY,`0.01,`0.00,`0,`0,`0,`0,`,`,`广州地铁支付平台微信公众号支付购买单程票,`test,`0.00000,`0.60%
`2016-01-06 21:45:15,`wx9068f3cc0220c35e,`1300362701,`0,`,`1009840218201601062547859316,`130036270120160106214441908,`oPB8Xt-5wEMenMDtZRWW2LFMqDrw,`JSAPI,`SUCCESS,`CFT,`CNY,`0.01,`0.00,`0,`0,`0,`0,`,`,`test,`test,`0.00000,`0.60%
`2016-01-06 21:50:33,`wx9068f3cc0220c35e,`1300362701,`0,`,`1009840218201601062547968821,`130036270120160106215019379,`oPB8Xt-5wEMenMDtZRWW2LFMqDrw,`JSAPI,`SUCCESS,`CFT,`CNY,`0.01,`0.00,`0,`0,`0,`0,`,`,`广州地铁支付平台微信公众号支付购买单程票,`test,`0.00000,`0.60%
`2016-01-06 21:55:42,`wx9068f3cc0220c35e,`1300362701,`0,`,`1009840218201601062548051311,`130036270120160106215532572,`oPB8Xt-5wEMenMDtZRWW2LFMqDrw,`JSAPI,`SUCCESS,`CFT,`CNY,`0.01,`0.00,`0,`0,`0,`0,`,`,`广州地铁支付平台微信公众号支付购买单程票,`test,`0.00000,`0.60%
总交易单数,总交易额,总退款金额,总企业红包退款金额,手续费总金额
`13,`0.15,`0.12,`0.00,`0.00000
2016-01-14 11:23:37.034 ERROR WxPayException: 对路径“D:\工程项目\AFC系统业务流程\手机支付票\中软云TVM二维码取票\2 项目实施\清分结算平台\1 可行性研究\微信支付接口\刷卡支付\WxPayAPI_CS_v3\WxPayAPI\WxPayInterface\bin\Debug\weixin_bill\20160106.log”的访问被拒绝。
2016-01-14 11:23:37.037 ERROR WxPayException: mscorlib
2016-01-14 11:23:37.038 ERROR WxPayException: Void WinIOError(Int32, System.String)
2016-01-14 11:23:37.039 ERROR WxPayException: 
2016-01-14 11:25:38.515 DEBUG WxPayApi: DownloadBill request : <xml><appid><![CDATA[wx9068f3cc0220c35e]]></appid><bill_date><![CDATA[20160106]]></bill_date><bill_type><![CDATA[ALL]]></bill_type><mch_id><![CDATA[1300362701]]></mch_id><nonce_str><![CDATA[82ef9d2cc3d14e52842cf7de8acffc1e]]></nonce_str><sign><![CDATA[62419E99721142A6F873B03C942D5BDC]]></sign></xml>
2016-01-14 11:25:39.761 DEBUG WxPayApi: DownloadBill result : 交易时间,公众账号ID,商户号,子商户号,设备号,微信订单号,商户订单号,用户标识,交易类型,交易状态,付款银行,货币种类,总金额,企业红包金额,微信退款单号,商户退款单号,退款金额,企业红包退款金额,退款类型,退款状态,商品名称,商户数据包,手续费,费率
`2016-01-06 00:05:54,`wx9068f3cc0220c35e,`1300362701,`0,`,`1004960218201601032491005666,`567268091e4c8a307ad6516ad408d429,`oPB8Xt7_7FWyU2Gb1kjOFPO5ZY5k,`JSAPI,`REFUND,`CFT,`CNY,`0,`0,`2004960218201601050119894771,`130036270120160105233807,`0.04,`0.00,`ORIGINAL,`SUCCESS,`普通单程票:西门口-农讲所,`西门口-农讲所-2-20160103235059,`0.00000,`0.60%
`2016-01-06 00:05:56,`wx9068f3cc0220c35e,`1300362701,`0,`,`1004960218201601052530127088,`faead6cfecda6175b7b805c89b0d0706,`oPB8Xt7_7FWyU2Gb1kjOFPO5ZY5k,`JSAPI,`REFUND,`CFT,`CNY,`0,`0,`2004960218201601050119918402,`130036270120160105233841,`0.08,`0.00,`ORIGINAL,`SUCCESS,`普通单程票:公园前-客村,`公园前-客村-2-20160105233727,`0.00000,`0.60%
`2016-01-06 09:42:58,`wx9068f3cc0220c35e,`1300362701,`0,`,`1004960218201601062532965635,`672dcbadedd47b7d8292f9aa3815811d,`oPB8Xt7_7FWyU2Gb1kjOFPO5ZY5k,`JSAPI,`SUCCESS,`CFT,`CNY,`0.05,`0.00,`0,`0,`0,`0,`,`,`普通单程票:公园前-嘉禾望岗,`公园前-嘉禾望岗-1-20160106094251,`0.00000,`0.60%
`2016-01-06 09:46:32,`wx9068f3cc0220c35e,`1300362701,`0,`,`1004960218201601062532999911,`c7eca9357eb67855ff82b188af508c01,`oPB8Xt7_7FWyU2Gb1kjOFPO5ZY5k,`JSAPI,`SUCCESS,`CFT,`CNY,`0.01,`0.00,`0,`0,`0,`0,`,`,`普通单程票:公园前-嘉禾望岗,`公园前-嘉禾望岗-1-20160106094628,`0.00000,`0.60%
`2016-01-06 09:50:11,`wx9068f3cc0220c35e,`1300362701,`0,`,`1004960218201601062533051519,`f45331cfac7160ed4d5e57a11a6ee94b,`oPB8Xt7_7FWyU2Gb1kjOFPO5ZY5k,`JSAPI,`SUCCESS,`CFT,`CNY,`0.01,`0.00,`0,`0,`0,`0,`,`,`普通单程票:公园前-嘉禾望岗,`公园前-嘉禾望岗-1-20160106095007,`0.00000,`0.60%
`2016-01-06 10:00:46,`wx9068f3cc0220c35e,`1300362701,`0,`,`1004960218201601062533200728,`99e7cfa8fec7e965cc360d8b33c8144b,`oPB8Xt7_7FWyU2Gb1kjOFPO5ZY5k,`JSAPI,`SUCCESS,`CFT,`CNY,`0.01,`0.00,`0,`0,`0,`0,`,`,`普通单程票:公园前-嘉禾望岗,`公园前-嘉禾望岗-1-20160106100040,`0.00000,`0.60%
`2016-01-06 10:08:03,`wx9068f3cc0220c35e,`1300362701,`0,`,`1004960218201601062533315183,`36bd2607fc7627523b986f7631f752f0,`oPB8Xt7_7FWyU2Gb1kjOFPO5ZY5k,`JSAPI,`SUCCESS,`CFT,`CNY,`0.01,`0.00,`0,`0,`0,`0,`,`,`普通单程票:公园前-嘉禾望岗,`公园前-嘉禾望岗-1-20160106100758,`0.00000,`0.60%
`2016-01-06 11:09:16,`wx9068f3cc0220c35e,`1300362701,`0,`,`1004960218201601062534675488,`0f0818300fa5f070b5e52a37aeebf466,`oPB8Xt7_7FWyU2Gb1kjOFPO5ZY5k,`JSAPI,`SUCCESS,`CFT,`CNY,`0.01,`0.00,`0,`0,`0,`0,`,`,`普通单程票:公园前-嘉禾望岗,`公园前-嘉禾望岗-1-20160106110901,`0.00000,`0.60%
`2016-01-06 22:01:21,`wx9068f3cc0220c35e,`1300362701,`0,`,`1007130218201601062548136983,`13003627012016010622005979,`oPB8XtzyV5diNjrx9nBOrMMFNFy0,`JSAPI,`SUCCESS,`CCB_DEBIT,`CNY,`0.01,`0.00,`0,`0,`0,`0,`,`,`广州地铁支付平台微信公众号支付购买单程票,`test,`0.00000,`0.60%
`2016-01-06 23:01:40,`wx9068f3cc0220c35e,`1300362701,`0,`,`1007370218201601062549055820,`130036270120160106230122688,`oPB8Xt2H6wUKRxJ3PtCqw1jp83bc,`JSAPI,`SUCCESS,`CFT,`CNY,`0.01,`0.00,`0,`0,`0,`0,`,`,`广州地铁支付平台微信公众号支付购买单程票,`test,`0.00000,`0.60%
`2016-01-06 21:45:15,`wx9068f3cc0220c35e,`1300362701,`0,`,`1009840218201601062547859316,`130036270120160106214441908,`oPB8Xt-5wEMenMDtZRWW2LFMqDrw,`JSAPI,`SUCCESS,`CFT,`CNY,`0.01,`0.00,`0,`0,`0,`0,`,`,`test,`test,`0.00000,`0.60%
`2016-01-06 21:50:33,`wx9068f3cc0220c35e,`1300362701,`0,`,`1009840218201601062547968821,`130036270120160106215019379,`oPB8Xt-5wEMenMDtZRWW2LFMqDrw,`JSAPI,`SUCCESS,`CFT,`CNY,`0.01,`0.00,`0,`0,`0,`0,`,`,`广州地铁支付平台微信公众号支付购买单程票,`test,`0.00000,`0.60%
`2016-01-06 21:55:42,`wx9068f3cc0220c35e,`1300362701,`0,`,`1009840218201601062548051311,`130036270120160106215532572,`oPB8Xt-5wEMenMDtZRWW2LFMqDrw,`JSAPI,`SUCCESS,`CFT,`CNY,`0.01,`0.00,`0,`0,`0,`0,`,`,`广州地铁支付平台微信公众号支付购买单程票,`test,`0.00000,`0.60%
总交易单数,总交易额,总退款金额,总企业红包退款金额,手续费总金额
`13,`0.15,`0.12,`0.00,`0.00000
2016-01-14 11:25:39.763 DEBUG WxPayInterfaceLib.WxPayData: Print in Form : result=交易时间,公众账号ID,商户号,子商户号,设备号,微信订单号,商户订单号,用户标识,交易类型,交易状态,付款银行,货币种类,总金额,企业红包金额,微信退款单号,商户退款单号,退款金额,企业红包退款金额,退款类型,退款状态,商品名称,商户数据包,手续费,费率
`2016-01-06 00:05:54,`wx9068f3cc0220c35e,`1300362701,`0,`,`1004960218201601032491005666,`567268091e4c8a307ad6516ad408d429,`oPB8Xt7_7FWyU2Gb1kjOFPO5ZY5k,`JSAPI,`REFUND,`CFT,`CNY,`0,`0,`2004960218201601050119894771,`130036270120160105233807,`0.04,`0.00,`ORIGINAL,`SUCCESS,`普通单程票:西门口-农讲所,`西门口-农讲所-2-20160103235059,`0.00000,`0.60%
`2016-01-06 00:05:56,`wx9068f3cc0220c35e,`1300362701,`0,`,`1004960218201601052530127088,`faead6cfecda6175b7b805c89b0d0706,`oPB8Xt7_7FWyU2Gb1kjOFPO5ZY5k,`JSAPI,`REFUND,`CFT,`CNY,`0,`0,`2004960218201601050119918402,`130036270120160105233841,`0.08,`0.00,`ORIGINAL,`SUCCESS,`普通单程票:公园前-客村,`公园前-客村-2-20160105233727,`0.00000,`0.60%
`2016-01-06 09:42:58,`wx9068f3cc0220c35e,`1300362701,`0,`,`1004960218201601062532965635,`672dcbadedd47b7d8292f9aa3815811d,`oPB8Xt7_7FWyU2Gb1kjOFPO5ZY5k,`JSAPI,`SUCCESS,`CFT,`CNY,`0.05,`0.00,`0,`0,`0,`0,`,`,`普通单程票:公园前-嘉禾望岗,`公园前-嘉禾望岗-1-20160106094251,`0.00000,`0.60%
`2016-01-06 09:46:32,`wx9068f3cc0220c35e,`1300362701,`0,`,`1004960218201601062532999911,`c7eca9357eb67855ff82b188af508c01,`oPB8Xt7_7FWyU2Gb1kjOFPO5ZY5k,`JSAPI,`SUCCESS,`CFT,`CNY,`0.01,`0.00,`0,`0,`0,`0,`,`,`普通单程票:公园前-嘉禾望岗,`公园前-嘉禾望岗-1-20160106094628,`0.00000,`0.60%
`2016-01-06 09:50:11,`wx9068f3cc0220c35e,`1300362701,`0,`,`1004960218201601062533051519,`f45331cfac7160ed4d5e57a11a6ee94b,`oPB8Xt7_7FWyU2Gb1kjOFPO5ZY5k,`JSAPI,`SUCCESS,`CFT,`CNY,`0.01,`0.00,`0,`0,`0,`0,`,`,`普通单程票:公园前-嘉禾望岗,`公园前-嘉禾望岗-1-20160106095007,`0.00000,`0.60%
`2016-01-06 10:00:46,`wx9068f3cc0220c35e,`1300362701,`0,`,`1004960218201601062533200728,`99e7cfa8fec7e965cc360d8b33c8144b,`oPB8Xt7_7FWyU2Gb1kjOFPO5ZY5k,`JSAPI,`SUCCESS,`CFT,`CNY,`0.01,`0.00,`0,`0,`0,`0,`,`,`普通单程票:公园前-嘉禾望岗,`公园前-嘉禾望岗-1-20160106100040,`0.00000,`0.60%
`2016-01-06 10:08:03,`wx9068f3cc0220c35e,`1300362701,`0,`,`1004960218201601062533315183,`36bd2607fc7627523b986f7631f752f0,`oPB8Xt7_7FWyU2Gb1kjOFPO5ZY5k,`JSAPI,`SUCCESS,`CFT,`CNY,`0.01,`0.00,`0,`0,`0,`0,`,`,`普通单程票:公园前-嘉禾望岗,`公园前-嘉禾望岗-1-20160106100758,`0.00000,`0.60%
`2016-01-06 11:09:16,`wx9068f3cc0220c35e,`1300362701,`0,`,`1004960218201601062534675488,`0f0818300fa5f070b5e52a37aeebf466,`oPB8Xt7_7FWyU2Gb1kjOFPO5ZY5k,`JSAPI,`SUCCESS,`CFT,`CNY,`0.01,`0.00,`0,`0,`0,`0,`,`,`普通单程票:公园前-嘉禾望岗,`公园前-嘉禾望岗-1-20160106110901,`0.00000,`0.60%
`2016-01-06 22:01:21,`wx9068f3cc0220c35e,`1300362701,`0,`,`1007130218201601062548136983,`13003627012016010622005979,`oPB8XtzyV5diNjrx9nBOrMMFNFy0,`JSAPI,`SUCCESS,`CCB_DEBIT,`CNY,`0.01,`0.00,`0,`0,`0,`0,`,`,`广州地铁支付平台微信公众号支付购买单程票,`test,`0.00000,`0.60%
`2016-01-06 23:01:40,`wx9068f3cc0220c35e,`1300362701,`0,`,`1007370218201601062549055820,`130036270120160106230122688,`oPB8Xt2H6wUKRxJ3PtCqw1jp83bc,`JSAPI,`SUCCESS,`CFT,`CNY,`0.01,`0.00,`0,`0,`0,`0,`,`,`广州地铁支付平台微信公众号支付购买单程票,`test,`0.00000,`0.60%
`2016-01-06 21:45:15,`wx9068f3cc0220c35e,`1300362701,`0,`,`1009840218201601062547859316,`130036270120160106214441908,`oPB8Xt-5wEMenMDtZRWW2LFMqDrw,`JSAPI,`SUCCESS,`CFT,`CNY,`0.01,`0.00,`0,`0,`0,`0,`,`,`test,`test,`0.00000,`0.60%
`2016-01-06 21:50:33,`wx9068f3cc0220c35e,`1300362701,`0,`,`1009840218201601062547968821,`130036270120160106215019379,`oPB8Xt-5wEMenMDtZRWW2LFMqDrw,`JSAPI,`SUCCESS,`CFT,`CNY,`0.01,`0.00,`0,`0,`0,`0,`,`,`广州地铁支付平台微信公众号支付购买单程票,`test,`0.00000,`0.60%
`2016-01-06 21:55:42,`wx9068f3cc0220c35e,`1300362701,`0,`,`1009840218201601062548051311,`130036270120160106215532572,`oPB8Xt-5wEMenMDtZRWW2LFMqDrw,`JSAPI,`SUCCESS,`CFT,`CNY,`0.01,`0.00,`0,`0,`0,`0,`,`,`广州地铁支付平台微信公众号支付购买单程票,`test,`0.00000,`0.60%
总交易单数,总交易额,总退款金额,总企业红包退款金额,手续费总金额
`13,`0.15,`0.12,`0.00,`0.00000

2016-01-14 11:36:53.345 DEBUG WxPayApi: Refund request : <xml><appid><![CDATA[wx9068f3cc0220c35e]]></appid><mch_id><![CDATA[1300362701]]></mch_id><nonce_str><![CDATA[2f3d922ef4fe4196bcdb0046af1aef32]]></nonce_str><op_user_id><![CDATA[1300362701]]></op_user_id><out_refund_no><![CDATA[130036270120160114113653644]]></out_refund_no><out_trade_no><![CDATA[13003627012016010622005979]]></out_trade_no><refund_fee>1</refund_fee><sign><![CDATA[EDF27982B4C2C6EAD544954826F0B649]]></sign><total_fee>1</total_fee></xml>
2016-01-14 11:36:56.148 DEBUG WxPayApi: PostXml used cert
2016-01-14 11:36:58.678 DEBUG WxPayApi: Refund response : <xml><return_code><![CDATA[SUCCESS]]></return_code>
<return_msg><![CDATA[OK]]></return_msg>
<appid><![CDATA[wx9068f3cc0220c35e]]></appid>
<mch_id><![CDATA[1300362701]]></mch_id>
<nonce_str><![CDATA[Z0DaaP3naDEW82On]]></nonce_str>
<sign><![CDATA[6275DC669F89F10E03E799A113F78533]]></sign>
<result_code><![CDATA[SUCCESS]]></result_code>
<transaction_id><![CDATA[1007130218201601062548136983]]></transaction_id>
<out_trade_no><![CDATA[13003627012016010622005979]]></out_trade_no>
<out_refund_no><![CDATA[130036270120160114113653644]]></out_refund_no>
<refund_id><![CDATA[2007130218201601140127050290]]></refund_id>
<refund_channel><![CDATA[]]></refund_channel>
<refund_fee>1</refund_fee>
<coupon_refund_fee>0</coupon_refund_fee>
<total_fee>1</total_fee>
<cash_fee>1</cash_fee>
<coupon_refund_count>0</coupon_refund_count>
<cash_refund_fee>1</cash_refund_fee>
</xml>
2016-01-14 11:38:20.970 DEBUG WxPayApi: Refund request : <xml><appid><![CDATA[wx9068f3cc0220c35e]]></appid><mch_id><![CDATA[1300362701]]></mch_id><nonce_str><![CDATA[0a8c3679859c4569aa9deb92f56a2a2e]]></nonce_str><op_user_id><![CDATA[1300362701]]></op_user_id><out_refund_no><![CDATA[130036270120160114113820629]]></out_refund_no><out_trade_no><![CDATA[130036270120160106230122688]]></out_trade_no><refund_fee>1</refund_fee><sign><![CDATA[247E8A17AAA896BD37D3D9F45A04ED39]]></sign><total_fee>1</total_fee></xml>
2016-01-14 11:38:23.250 DEBUG WxPayApi: PostXml used cert
2016-01-14 11:38:24.057 DEBUG WxPayApi: Refund response : <xml><return_code><![CDATA[SUCCESS]]></return_code>
<return_msg><![CDATA[OK]]></return_msg>
<appid><![CDATA[wx9068f3cc0220c35e]]></appid>
<mch_id><![CDATA[1300362701]]></mch_id>
<nonce_str><![CDATA[Kj6v2d3OwwenzIsm]]></nonce_str>
<sign><![CDATA[8E989109C5CA0F2A7D205E0B56E9D306]]></sign>
<result_code><![CDATA[SUCCESS]]></result_code>
<transaction_id><![CDATA[1007370218201601062549055820]]></transaction_id>
<out_trade_no><![CDATA[130036270120160106230122688]]></out_trade_no>
<out_refund_no><![CDATA[130036270120160114113820629]]></out_refund_no>
<refund_id><![CDATA[2007370218201601140127043170]]></refund_id>
<refund_channel><![CDATA[]]></refund_channel>
<refund_fee>1</refund_fee>
<coupon_refund_fee>0</coupon_refund_fee>
<total_fee>1</total_fee>
<cash_fee>1</cash_fee>
<coupon_refund_count>0</coupon_refund_count>
<cash_refund_fee>1</cash_refund_fee>
</xml>
2016-01-14 11:40:13.968 DEBUG WxPayApi: Refund request : <xml><appid><![CDATA[wx9068f3cc0220c35e]]></appid><mch_id><![CDATA[1300362701]]></mch_id><nonce_str><![CDATA[baf6b8b2e2bc4add9ca64297a25a01fc]]></nonce_str><op_user_id><![CDATA[1300362701]]></op_user_id><out_refund_no><![CDATA[130036270120160114114013152]]></out_refund_no><out_trade_no><![CDATA[130036270120160106214441908]]></out_trade_no><refund_fee>1</refund_fee><sign><![CDATA[41AD33CE2F8FAB3E421FB32927B8CD52]]></sign><total_fee>1</total_fee></xml>
2016-01-14 11:40:14.059 DEBUG WxPayApi: PostXml used cert
2016-01-14 11:40:14.784 DEBUG WxPayApi: Refund response : <xml><return_code><![CDATA[SUCCESS]]></return_code>
<return_msg><![CDATA[OK]]></return_msg>
<appid><![CDATA[wx9068f3cc0220c35e]]></appid>
<mch_id><![CDATA[1300362701]]></mch_id>
<nonce_str><![CDATA[3yFS5iIW9NvoRS0e]]></nonce_str>
<sign><![CDATA[D2CCD32176DB1AC690E2C6AA27EC276E]]></sign>
<result_code><![CDATA[SUCCESS]]></result_code>
<transaction_id><![CDATA[1009840218201601062547859316]]></transaction_id>
<out_trade_no><![CDATA[130036270120160106214441908]]></out_trade_no>
<out_refund_no><![CDATA[130036270120160114114013152]]></out_refund_no>
<refund_id><![CDATA[2009840218201601140127044908]]></refund_id>
<refund_channel><![CDATA[]]></refund_channel>
<refund_fee>1</refund_fee>
<coupon_refund_fee>0</coupon_refund_fee>
<total_fee>1</total_fee>
<cash_fee>1</cash_fee>
<coupon_refund_count>0</coupon_refund_count>
<cash_refund_fee>1</cash_refund_fee>
</xml>
2016-01-14 11:40:21.943 DEBUG WxPayApi: Refund request : <xml><appid><![CDATA[wx9068f3cc0220c35e]]></appid><mch_id><![CDATA[1300362701]]></mch_id><nonce_str><![CDATA[85e5fcf4abda4d5293bbb8c20a6fd948]]></nonce_str><op_user_id><![CDATA[1300362701]]></op_user_id><out_refund_no><![CDATA[130036270120160114114021762]]></out_refund_no><out_trade_no><![CDATA[130036270120160106215019379]]></out_trade_no><refund_fee>1</refund_fee><sign><![CDATA[B96D0B2E90A4B21A7F4087D6744D11A7]]></sign><total_fee>1</total_fee></xml>
2016-01-14 11:40:21.989 DEBUG WxPayApi: PostXml used cert
2016-01-14 11:40:22.434 DEBUG WxPayApi: Refund response : <xml><return_code><![CDATA[SUCCESS]]></return_code>
<return_msg><![CDATA[OK]]></return_msg>
<appid><![CDATA[wx9068f3cc0220c35e]]></appid>
<mch_id><![CDATA[1300362701]]></mch_id>
<nonce_str><![CDATA[Iwbq6j8i6lI3mZT5]]></nonce_str>
<sign><![CDATA[0CB5A18A6B1280D02133F8605D1BBFD9]]></sign>
<result_code><![CDATA[SUCCESS]]></result_code>
<transaction_id><![CDATA[1009840218201601062547968821]]></transaction_id>
<out_trade_no><![CDATA[130036270120160106215019379]]></out_trade_no>
<out_refund_no><![CDATA[130036270120160114114021762]]></out_refund_no>
<refund_id><![CDATA[2009840218201601140127054619]]></refund_id>
<refund_channel><![CDATA[]]></refund_channel>
<refund_fee>1</refund_fee>
<coupon_refund_fee>0</coupon_refund_fee>
<total_fee>1</total_fee>
<cash_fee>1</cash_fee>
<coupon_refund_count>0</coupon_refund_count>
<cash_refund_fee>1</cash_refund_fee>
</xml>
2016-01-14 11:40:29.750 DEBUG WxPayApi: Refund request : <xml><appid><![CDATA[wx9068f3cc0220c35e]]></appid><mch_id><![CDATA[1300362701]]></mch_id><nonce_str><![CDATA[1695237864804c768868badbbd256bca]]></nonce_str><op_user_id><![CDATA[1300362701]]></op_user_id><out_refund_no><![CDATA[13003627012016011411402939]]></out_refund_no><out_trade_no><![CDATA[130036270120160106215532572]]></out_trade_no><refund_fee>1</refund_fee><sign><![CDATA[03456986141503A3FCC8132728A861A6]]></sign><total_fee>1</total_fee></xml>
2016-01-14 11:40:29.790 DEBUG WxPayApi: PostXml used cert
2016-01-14 11:40:30.247 DEBUG WxPayApi: Refund response : <xml><return_code><![CDATA[SUCCESS]]></return_code>
<return_msg><![CDATA[OK]]></return_msg>
<appid><![CDATA[wx9068f3cc0220c35e]]></appid>
<mch_id><![CDATA[1300362701]]></mch_id>
<nonce_str><![CDATA[JFzxstWuuXgrPPtl]]></nonce_str>
<sign><![CDATA[3FA8E7AF74D491A942FB43FDA5D6550F]]></sign>
<result_code><![CDATA[SUCCESS]]></result_code>
<transaction_id><![CDATA[1009840218201601062548051311]]></transaction_id>
<out_trade_no><![CDATA[130036270120160106215532572]]></out_trade_no>
<out_refund_no><![CDATA[13003627012016011411402939]]></out_refund_no>
<refund_id><![CDATA[2009840218201601140127039499]]></refund_id>
<refund_channel><![CDATA[]]></refund_channel>
<refund_fee>1</refund_fee>
<coupon_refund_fee>0</coupon_refund_fee>
<total_fee>1</total_fee>
<cash_fee>1</cash_fee>
<coupon_refund_count>0</coupon_refund_count>
<cash_refund_fee>1</cash_refund_fee>
</xml>
2016-01-14 11:41:24.514 DEBUG WxPayApi: OrderQuery request : <xml><appid><![CDATA[wx9068f3cc0220c35e]]></appid><mch_id><![CDATA[1300362701]]></mch_id><nonce_str><![CDATA[ac894805b81740bcac8deda301f9ba95]]></nonce_str><out_trade_no><![CDATA[13003627012016010622005979]]></out_trade_no><sign><![CDATA[325AA51356973801D10340A42581FC3B]]></sign></xml>
2016-01-14 11:41:25.190 DEBUG WxPayApi: OrderQuery response : <xml><return_code><![CDATA[SUCCESS]]></return_code>
<return_msg><![CDATA[OK]]></return_msg>
<appid><![CDATA[wx9068f3cc0220c35e]]></appid>
<mch_id><![CDATA[1300362701]]></mch_id>
<nonce_str><![CDATA[fgmVFsS4isoPIFWI]]></nonce_str>
<sign><![CDATA[7E1C3F335A37D460C2402FCEB9AE7FDA]]></sign>
<result_code><![CDATA[SUCCESS]]></result_code>
<openid><![CDATA[oPB8XtzyV5diNjrx9nBOrMMFNFy0]]></openid>
<is_subscribe><![CDATA[N]]></is_subscribe>
<trade_type><![CDATA[JSAPI]]></trade_type>
<bank_type><![CDATA[CCB_DEBIT]]></bank_type>
<total_fee>1</total_fee>
<fee_type><![CDATA[CNY]]></fee_type>
<transaction_id><![CDATA[1007130218201601062548136983]]></transaction_id>
<out_trade_no><![CDATA[13003627012016010622005979]]></out_trade_no>
<attach><![CDATA[test]]></attach>
<time_end><![CDATA[20160106220120]]></time_end>
<trade_state><![CDATA[REFUND]]></trade_state>
<cash_fee>1</cash_fee>
<trade_state_desc><![CDATA[订单发生过退款，退款详情请查询退款单]]></trade_state_desc>
</xml>
2016-01-14 11:42:30.011 DEBUG WxPayApi: OrderQuery request : <xml><appid><![CDATA[wx9068f3cc0220c35e]]></appid><mch_id><![CDATA[1300362701]]></mch_id><nonce_str><![CDATA[ca91087b505f47089913fd4948ad4a7f]]></nonce_str><out_trade_no><![CDATA[13003627012016010622005979]]></out_trade_no><sign><![CDATA[9415A17409CA4E5EF3826DDC0FB8DAFD]]></sign></xml>
2016-01-14 11:42:30.630 DEBUG WxPayApi: OrderQuery response : <xml><return_code><![CDATA[SUCCESS]]></return_code>
<return_msg><![CDATA[OK]]></return_msg>
<appid><![CDATA[wx9068f3cc0220c35e]]></appid>
<mch_id><![CDATA[1300362701]]></mch_id>
<nonce_str><![CDATA[EKdEt0zx6FtXd6VK]]></nonce_str>
<sign><![CDATA[17B11E81D5ADA41D4CA380381C1A4104]]></sign>
<result_code><![CDATA[SUCCESS]]></result_code>
<openid><![CDATA[oPB8XtzyV5diNjrx9nBOrMMFNFy0]]></openid>
<is_subscribe><![CDATA[N]]></is_subscribe>
<trade_type><![CDATA[JSAPI]]></trade_type>
<bank_type><![CDATA[CCB_DEBIT]]></bank_type>
<total_fee>1</total_fee>
<fee_type><![CDATA[CNY]]></fee_type>
<transaction_id><![CDATA[1007130218201601062548136983]]></transaction_id>
<out_trade_no><![CDATA[13003627012016010622005979]]></out_trade_no>
<attach><![CDATA[test]]></attach>
<time_end><![CDATA[20160106220120]]></time_end>
<trade_state><![CDATA[REFUND]]></trade_state>
<cash_fee>1</cash_fee>
<trade_state_desc><![CDATA[订单发生过退款，退款详情请查询退款单]]></trade_state_desc>
</xml>
2016-01-14 12:27:36.367 DEBUG WxPayApi: RefundQuery request : <xml><appid><![CDATA[wx9068f3cc0220c35e]]></appid><mch_id><![CDATA[1300362701]]></mch_id><nonce_str><![CDATA[6a81b8a4e3ef4ce99232e9ed4d0c04a7]]></nonce_str><out_trade_no><![CDATA[13003627012016010622005979]]></out_trade_no><sign><![CDATA[8CFC83EF24B33B6978E4689203F9F8C8]]></sign></xml>
2016-01-14 12:27:38.352 DEBUG WxPayApi: RefundQuery response : <xml>
<appid><![CDATA[wx9068f3cc0220c35e]]></appid>
<cash_fee><![CDATA[1]]></cash_fee>
<mch_id><![CDATA[1300362701]]></mch_id>
<nonce_str><![CDATA[2pp3vLHRRoyjjhDM]]></nonce_str>
<out_refund_no_0><![CDATA[130036270120160114113653644]]></out_refund_no_0>
<out_trade_no><![CDATA[13003627012016010622005979]]></out_trade_no>
<refund_channel_0><![CDATA[ORIGINAL]]></refund_channel_0>
<refund_count>1</refund_count>
<refund_fee>1</refund_fee>
<refund_fee_0>1</refund_fee_0>
<refund_id_0><![CDATA[2007130218201601140127050290]]></refund_id_0>
<refund_recv_accout_0><![CDATA[建设银行储蓄卡]]></refund_recv_accout_0>
<refund_status_0><![CDATA[SUCCESS]]></refund_status_0>
<result_code><![CDATA[SUCCESS]]></result_code>
<return_code><![CDATA[SUCCESS]]></return_code>
<return_msg><![CDATA[OK]]></return_msg>
<sign><![CDATA[B9C5D6A6CF7DB20D466DDE8BD7095907]]></sign>
<total_fee><![CDATA[1]]></total_fee>
<transaction_id><![CDATA[1007130218201601062548136983]]></transaction_id>
</xml>
2016-01-14 12:30:05.859 DEBUG WxPayApi: RefundQuery request : <xml><appid><![CDATA[wx9068f3cc0220c35e]]></appid><mch_id><![CDATA[1300362701]]></mch_id><nonce_str><![CDATA[c43e6ff69d504b6ebbeb7fb4533d6e4d]]></nonce_str><out_trade_no><![CDATA[13003627012016010622005979]]></out_trade_no><sign><![CDATA[AB68781D7784EA11762581D3BF5C8637]]></sign></xml>
2016-01-14 12:30:07.710 DEBUG WxPayApi: RefundQuery response : <xml>
<appid><![CDATA[wx9068f3cc0220c35e]]></appid>
<cash_fee><![CDATA[1]]></cash_fee>
<mch_id><![CDATA[1300362701]]></mch_id>
<nonce_str><![CDATA[SYvxPk9gvhNEODmX]]></nonce_str>
<out_refund_no_0><![CDATA[130036270120160114113653644]]></out_refund_no_0>
<out_trade_no><![CDATA[13003627012016010622005979]]></out_trade_no>
<refund_channel_0><![CDATA[ORIGINAL]]></refund_channel_0>
<refund_count>1</refund_count>
<refund_fee>1</refund_fee>
<refund_fee_0>1</refund_fee_0>
<refund_id_0><![CDATA[2007130218201601140127050290]]></refund_id_0>
<refund_recv_accout_0><![CDATA[建设银行储蓄卡]]></refund_recv_accout_0>
<refund_status_0><![CDATA[SUCCESS]]></refund_status_0>
<result_code><![CDATA[SUCCESS]]></result_code>
<return_code><![CDATA[SUCCESS]]></return_code>
<return_msg><![CDATA[OK]]></return_msg>
<sign><![CDATA[5622AB4D16A3ABF1A56085A76893868B]]></sign>
<total_fee><![CDATA[1]]></total_fee>
<transaction_id><![CDATA[1007130218201601062548136983]]></transaction_id>
</xml>
2016-01-14 12:31:25.140 DEBUG WxPayApi: RefundQuery request : <xml><appid><![CDATA[wx9068f3cc0220c35e]]></appid><mch_id><![CDATA[1300362701]]></mch_id><nonce_str><![CDATA[11adc7941e2542f7b2430045869f549a]]></nonce_str><out_trade_no><![CDATA[13003627012016010622005979]]></out_trade_no><sign><![CDATA[6ABAEE457ADCCBF4A883EB224FB1C327]]></sign></xml>
2016-01-14 12:31:25.868 DEBUG WxPayApi: RefundQuery response : <xml>
<appid><![CDATA[wx9068f3cc0220c35e]]></appid>
<cash_fee><![CDATA[1]]></cash_fee>
<mch_id><![CDATA[1300362701]]></mch_id>
<nonce_str><![CDATA[XaAKw2dJCFjZnlfv]]></nonce_str>
<out_refund_no_0><![CDATA[130036270120160114113653644]]></out_refund_no_0>
<out_trade_no><![CDATA[13003627012016010622005979]]></out_trade_no>
<refund_channel_0><![CDATA[ORIGINAL]]></refund_channel_0>
<refund_count>1</refund_count>
<refund_fee>1</refund_fee>
<refund_fee_0>1</refund_fee_0>
<refund_id_0><![CDATA[2007130218201601140127050290]]></refund_id_0>
<refund_recv_accout_0><![CDATA[建设银行储蓄卡]]></refund_recv_accout_0>
<refund_status_0><![CDATA[SUCCESS]]></refund_status_0>
<result_code><![CDATA[SUCCESS]]></result_code>
<return_code><![CDATA[SUCCESS]]></return_code>
<return_msg><![CDATA[OK]]></return_msg>
<sign><![CDATA[4DDF1E53B602849E76D49A3E74BFA978]]></sign>
<total_fee><![CDATA[1]]></total_fee>
<transaction_id><![CDATA[1007130218201601062548136983]]></transaction_id>
</xml>
2016-01-14 12:31:25.897 DEBUG WxPayInterfaceLib.WxPayData: Print in Form : appid=wx9068f3cc0220c35e
cash_fee=1
mch_id=1300362701
nonce_str=XaAKw2dJCFjZnlfv
out_refund_no_0=130036270120160114113653644
out_trade_no=13003627012016010622005979
refund_channel_0=ORIGINAL
refund_count=1
refund_fee=1
refund_fee_0=1
refund_id_0=2007130218201601140127050290
refund_recv_accout_0=建设银行储蓄卡
refund_status_0=SUCCESS
result_code=SUCCESS
return_code=SUCCESS
return_msg=OK
sign=4DDF1E53B602849E76D49A3E74BFA978
total_fee=1
transaction_id=1007130218201601062548136983

2016-01-14 12:31:40.599 DEBUG WxPayApi: RefundQuery request : <xml><appid><![CDATA[wx9068f3cc0220c35e]]></appid><mch_id><![CDATA[1300362701]]></mch_id><nonce_str><![CDATA[2a72d0328ab74813aae9b6ea89ac1fc1]]></nonce_str><out_trade_no><![CDATA[c7eca9357eb67855ff82b188af508c01]]></out_trade_no><sign><![CDATA[64727FDB2B3C12569921E003082B8D7E]]></sign></xml>
2016-01-14 12:31:41.416 DEBUG WxPayApi: RefundQuery response : <xml>
<appid><![CDATA[wx9068f3cc0220c35e]]></appid>
<err_code><![CDATA[REFUNDNOTEXIST]]></err_code>
<err_code_des><![CDATA[not exist]]></err_code_des>
<mch_id><![CDATA[1300362701]]></mch_id>
<nonce_str><![CDATA[SopjEDPAoFExPXk2]]></nonce_str>
<result_code><![CDATA[FAIL]]></result_code>
<return_code><![CDATA[SUCCESS]]></return_code>
<return_msg><![CDATA[OK]]></return_msg>
<sign><![CDATA[7F0D43C26D443B94F6E947911E6E8A8F]]></sign>
</xml>
2016-01-14 12:31:41.441 DEBUG WxPayInterfaceLib.WxPayData: Print in Form : appid=wx9068f3cc0220c35e
err_code=REFUNDNOTEXIST
err_code_des=not exist
mch_id=1300362701
nonce_str=SopjEDPAoFExPXk2
result_code=FAIL
return_code=SUCCESS
return_msg=OK
sign=7F0D43C26D443B94F6E947911E6E8A8F

2016-01-14 12:31:55.227 DEBUG WxPayApi: RefundQuery request : <xml><appid><![CDATA[wx9068f3cc0220c35e]]></appid><mch_id><![CDATA[1300362701]]></mch_id><nonce_str><![CDATA[599c81d0fac040818f199a25fbc32db9]]></nonce_str><out_trade_no><![CDATA[faead6cfecda6175b7b805c89b0d0706]]></out_trade_no><sign><![CDATA[C2494B1A73E4FDCFFC823553A2757466]]></sign></xml>
2016-01-14 12:31:55.844 DEBUG WxPayApi: RefundQuery response : <xml>
<appid><![CDATA[wx9068f3cc0220c35e]]></appid>
<cash_fee><![CDATA[8]]></cash_fee>
<mch_id><![CDATA[1300362701]]></mch_id>
<nonce_str><![CDATA[uh3TzfyHbipQFqok]]></nonce_str>
<out_refund_no_0><![CDATA[130036270120160105233841]]></out_refund_no_0>
<out_trade_no><![CDATA[faead6cfecda6175b7b805c89b0d0706]]></out_trade_no>
<refund_channel_0><![CDATA[ORIGINAL]]></refund_channel_0>
<refund_count>1</refund_count>
<refund_fee>8</refund_fee>
<refund_fee_0>8</refund_fee_0>
<refund_id_0><![CDATA[2004960218201601050119918402]]></refund_id_0>
<refund_recv_accout_0><![CDATA[支付用户的零钱]]></refund_recv_accout_0>
<refund_status_0><![CDATA[SUCCESS]]></refund_status_0>
<result_code><![CDATA[SUCCESS]]></result_code>
<return_code><![CDATA[SUCCESS]]></return_code>
<return_msg><![CDATA[OK]]></return_msg>
<sign><![CDATA[33D6AD008061C54BCCEA478D3B5CE879]]></sign>
<total_fee><![CDATA[8]]></total_fee>
<transaction_id><![CDATA[1004960218201601052530127088]]></transaction_id>
</xml>
2016-01-14 12:31:55.869 DEBUG WxPayInterfaceLib.WxPayData: Print in Form : appid=wx9068f3cc0220c35e
cash_fee=8
mch_id=1300362701
nonce_str=uh3TzfyHbipQFqok
out_refund_no_0=130036270120160105233841
out_trade_no=faead6cfecda6175b7b805c89b0d0706
refund_channel_0=ORIGINAL
refund_count=1
refund_fee=8
refund_fee_0=8
refund_id_0=2004960218201601050119918402
refund_recv_accout_0=支付用户的零钱
refund_status_0=SUCCESS
result_code=SUCCESS
return_code=SUCCESS
return_msg=OK
sign=33D6AD008061C54BCCEA478D3B5CE879
total_fee=8
transaction_id=1004960218201601052530127088

2016-01-14 12:32:06.592 DEBUG WxPayApi: RefundQuery request : <xml><appid><![CDATA[wx9068f3cc0220c35e]]></appid><mch_id><![CDATA[1300362701]]></mch_id><nonce_str><![CDATA[281e2cf9c8804d71b84a7c24d3c7178a]]></nonce_str><out_trade_no><![CDATA[130036270120160106215019379]]></out_trade_no><sign><![CDATA[DF9DF59D1B68CBC297E6B71FCDED8546]]></sign></xml>
2016-01-14 12:32:07.300 DEBUG WxPayApi: RefundQuery response : <xml>
<appid><![CDATA[wx9068f3cc0220c35e]]></appid>
<cash_fee><![CDATA[1]]></cash_fee>
<mch_id><![CDATA[1300362701]]></mch_id>
<nonce_str><![CDATA[ENLm2c6e8xn7t0xK]]></nonce_str>
<out_refund_no_0><![CDATA[130036270120160114114021762]]></out_refund_no_0>
<out_trade_no><![CDATA[130036270120160106215019379]]></out_trade_no>
<refund_channel_0><![CDATA[ORIGINAL]]></refund_channel_0>
<refund_count>1</refund_count>
<refund_fee>1</refund_fee>
<refund_fee_0>1</refund_fee_0>
<refund_id_0><![CDATA[2009840218201601140127054619]]></refund_id_0>
<refund_recv_accout_0><![CDATA[支付用户的零钱]]></refund_recv_accout_0>
<refund_status_0><![CDATA[SUCCESS]]></refund_status_0>
<result_code><![CDATA[SUCCESS]]></result_code>
<return_code><![CDATA[SUCCESS]]></return_code>
<return_msg><![CDATA[OK]]></return_msg>
<sign><![CDATA[7E5F054AF0671A598C37F78F61561AD1]]></sign>
<total_fee><![CDATA[1]]></total_fee>
<transaction_id><![CDATA[1009840218201601062547968821]]></transaction_id>
</xml>
2016-01-14 12:32:07.329 DEBUG WxPayInterfaceLib.WxPayData: Print in Form : appid=wx9068f3cc0220c35e
cash_fee=1
mch_id=1300362701
nonce_str=ENLm2c6e8xn7t0xK
out_refund_no_0=130036270120160114114021762
out_trade_no=130036270120160106215019379
refund_channel_0=ORIGINAL
refund_count=1
refund_fee=1
refund_fee_0=1
refund_id_0=2009840218201601140127054619
refund_recv_accout_0=支付用户的零钱
refund_status_0=SUCCESS
result_code=SUCCESS
return_code=SUCCESS
return_msg=OK
sign=7E5F054AF0671A598C37F78F61561AD1
total_fee=1
transaction_id=1009840218201601062547968821

